<?xml version="1.0" encoding="UTF-8"?>
<testng-results ignored="0" total="1" passed="1" failed="0" skipped="0">
  <reporter-output>
  </reporter-output>
  <suite started-at="2023-06-16T11:02:19 IST" name="Default suite" finished-at="2023-06-16T11:02:22 IST" duration-ms="2575">
    <groups>
    </groups>
    <test started-at="2023-06-16T11:02:19 IST" name="Default test" finished-at="2023-06-16T11:02:22 IST" duration-ms="2575">
      <class name="Testing">
        <test-method signature="test()[pri:0, instance:Testing@55536d9e]" started-at="2023-06-16T11:02:19 IST" name="test" finished-at="2023-06-16T11:02:22 IST" duration-ms="2534" status="PASS">
          <reporter-output>
          </reporter-output>
        </test-method> <!-- test -->
      </class> <!-- Testing -->
    </test> <!-- Default test -->
  </suite> <!-- Default suite -->
</testng-results>
